-------------------------------------------------------------------------------
Test set: jayaprakash.jaisankar_backend.test.AppTest
-------------------------------------------------------------------------------
Tests run: 2, Failures: 2, Errors: 0, Skipped: 0, Time elapsed: 1.822 sec <<< FAILURE!
jayaprakash.jaisankar_backend.test.AppTest.testLogin()  Time elapsed: 1.818 sec  <<< FAILURE!
java.lang.NoClassDefFoundError: org/junit/Assert
	at jayaprakash.jaisankar_backend.test.AppTest.testLogin(AppTest.java:16)
Caused by: java.lang.ClassNotFoundException: org.junit.Assert
	at java.base/jdk.internal.loader.BuiltinClassLoader.loadClass(BuiltinClassLoader.java:641)
	at java.base/jdk.internal.loader.ClassLoaders$AppClassLoader.loadClass(ClassLoaders.java:188)
	at java.base/java.lang.ClassLoader.loadClass(ClassLoader.java:520)
	... 19 more

jayaprakash.jaisankar_backend.test.AppTest.testRegister()  Time elapsed: 0 sec  <<< FAILURE!
java.lang.NoClassDefFoundError: org/junit/function/ThrowingRunnable
	at jayaprakash.jaisankar_backend.test.AppTest.testRegister(AppTest.java:25)
Caused by: java.lang.ClassNotFoundException: org.junit.function.ThrowingRunnable
	at java.base/jdk.internal.loader.BuiltinClassLoader.loadClass(BuiltinClassLoader.java:641)
	at java.base/jdk.internal.loader.ClassLoaders$AppClassLoader.loadClass(ClassLoaders.java:188)
	at java.base/java.lang.ClassLoader.loadClass(ClassLoader.java:520)
	... 19 more

