<?xml version="1.0" encoding="UTF-8" ?>
<testsuite tests="5" failures="5" name="jayaprakash.jaisankar_backend.test.UserManagementCRUDTest" time="0.012" errors="0" skipped="0">
  <properties>
    <property name="jansi.mode" value="force"/>
    <property name="java.runtime.name" value="OpenJDK Runtime Environment"/>
    <property name="java.vm.version" value="17.0.6+10"/>
    <property name="sun.boot.library.path" value="C:\Users\JayaprakashJaisankar\Documents\eclipse\plugins\org.eclipse.justj.openjdk.hotspot.jre.full.win32.x86_64_17.0.6.v20230204-1729\jre\bin"/>
    <property name="maven.multiModuleProjectDirectory" value="C:\Users\JayaprakashJaisankar\eclipse-workspace\jayaprakash.jaisankar__corejava_project_2"/>
    <property name="java.vm.vendor" value="Eclipse Adoptium"/>
    <property name="java.vendor.url" value="https://adoptium.net/"/>
    <property name="guice.disable.misplaced.annotation.check" value="true"/>
    <property name="path.separator" value=";"/>
    <property name="java.vm.name" value="OpenJDK 64-Bit Server VM"/>
    <property name="sun.os.patch.level" value=""/>
    <property name="user.script" value=""/>
    <property name="user.country" value="IN"/>
    <property name="sun.java.launcher" value="SUN_STANDARD"/>
    <property name="java.vm.specification.name" value="Java Virtual Machine Specification"/>
    <property name="user.dir" value="C:\Users\JayaprakashJaisankar\eclipse-workspace\jayaprakash.jaisankar__corejava_project_2"/>
    <property name="java.vm.compressedOopsMode" value="32-bit"/>
    <property name="java.runtime.version" value="17.0.6+10"/>
    <property name="os.arch" value="amd64"/>
    <property name="java.io.tmpdir" value="C:\Users\JAYAPR~1\AppData\Local\Temp\"/>
    <property name="line.separator" value="
"/>
    <property name="java.vm.specification.vendor" value="Oracle Corporation"/>
    <property name="user.variant" value=""/>
    <property name="os.name" value="Windows 10"/>
    <property name="classworlds.conf" value="C:\Users\JayaprakashJaisankar\eclipse-workspace\.metadata\.plugins\org.eclipse.m2e.launching\launches\m2conf7921817372915976379.tmp"/>
    <property name="sun.jnu.encoding" value="Cp1252"/>
    <property name="java.library.path" value="C:\Users\JayaprakashJaisankar\Documents\eclipse\plugins\org.eclipse.justj.openjdk.hotspot.jre.full.win32.x86_64_17.0.6.v20230204-1729\jre\bin;C:\WINDOWS\Sun\Java\bin;C:\WINDOWS\system32;C:\WINDOWS;C:/Users/JayaprakashJaisankar/Documents/eclipse//plugins/org.eclipse.justj.openjdk.hotspot.jre.full.win32.x86_64_17.0.6.v20230204-1729/jre/bin/server;C:/Users/JayaprakashJaisankar/Documents/eclipse//plugins/org.eclipse.justj.openjdk.hotspot.jre.full.win32.x86_64_17.0.6.v20230204-1729/jre/bin;C:\Program Files\Common Files\Oracle\Java\javapath;C:\Program Files (x86)\Common Files\Oracle\Java\javapath;C:\WINDOWS\system32;C:\WINDOWS;C:\WINDOWS\System32\Wbem;C:\WINDOWS\System32\WindowsPowerShell\v1.0\;C:\WINDOWS\System32\OpenSSH\;C:\Program Files\Git\cmd;C:\Users\JayaprakashJaisankar\AppData\Roaming\nvm;C:\Program Files\nodejs;C:\Program Files (x86)\Yarn\bin\;C:\Users\JayaprakashJaisankar\AppData\Local\Programs\Python\Python311\Scripts\;C:\Users\JayaprakashJaisankar\AppData\Local\Programs\Python\Python311\;C:\Users\JayaprakashJaisankar\AppData\Local\Programs\Python\Launcher\;C:\Program Files\MySQL\MySQL Shell 8.0\bin\;C:\Users\JayaprakashJaisankar\AppData\Local\Microsoft\WindowsApps;C:\Users\JayaprakashJaisankar\AppData\Local\Programs\Microsoft VS Code\bin;C:\Users\JayaprakashJaisankar\AppData\Local\GitHubDesktop\bin;C:\Program Files\MySQL\MySQL Server 8.0\bin;C:\Users\JayaprakashJaisankar\AppData\Roaming\nvm;C:\Program Files\nodejs;C:\Users\JayaprakashJaisankar\AppData\Local\Yarn\bin;C:\Users\JayaprakashJaisankar\Documents\eclipse;;."/>
    <property name="jdk.debug" value="release"/>
    <property name="java.class.version" value="61.0"/>
    <property name="java.specification.name" value="Java Platform API Specification"/>
    <property name="sun.management.compiler" value="HotSpot 64-Bit Tiered Compilers"/>
    <property name="os.version" value="10.0"/>
    <property name="user.home" value="C:\Users\JayaprakashJaisankar"/>
    <property name="user.timezone" value="Asia/Calcutta"/>
    <property name="file.encoding" value="UTF-8"/>
    <property name="java.specification.version" value="17"/>
    <property name="user.name" value="JayaprakashJaisankar"/>
    <property name="java.class.path" value="C:\Users\JayaprakashJaisankar\Documents\eclipse\plugins\org.eclipse.m2e.maven.runtime_3.8.701.20230209-1606\jars\plexus-classworlds-2.6.0.jar"/>
    <property name="java.vm.specification.version" value="17"/>
    <property name="sun.arch.data.model" value="64"/>
    <property name="sun.java.command" value="org.codehaus.plexus.classworlds.launcher.Launcher -B -Dstyle.color=always install"/>
    <property name="java.home" value="C:\Users\JayaprakashJaisankar\Documents\eclipse\plugins\org.eclipse.justj.openjdk.hotspot.jre.full.win32.x86_64_17.0.6.v20230204-1729\jre"/>
    <property name="user.language" value="en"/>
    <property name="java.specification.vendor" value="Oracle Corporation"/>
    <property name="java.vm.info" value="mixed mode"/>
    <property name="java.version" value="17.0.6"/>
    <property name="native.encoding" value="Cp1252"/>
    <property name="java.vendor" value="Eclipse Adoptium"/>
    <property name="maven.home" value="C:\Users\JayaprakashJaisankar\eclipse-workspace\jayaprakash.jaisankar__corejava_project_2\EMBEDDED"/>
    <property name="style.color" value="always"/>
    <property name="file.separator" value="\"/>
    <property name="java.version.date" value="2023-01-17"/>
    <property name="java.vendor.url.bug" value="https://github.com/adoptium/adoptium-support/issues"/>
    <property name="sun.io.unicode.encoding" value="UnicodeLittle"/>
    <property name="sun.cpu.endian" value="little"/>
    <property name="java.vendor.version" value="Temurin-17.0.6+10"/>
    <property name="m2e.build.project.data.socket.port" value="56500"/>
    <property name="sun.cpu.isalist" value="amd64"/>
  </properties>
  <testcase classname="jayaprakash.jaisankar_backend.test.UserManagementCRUDTest" name="jayaprakash.jaisankar_backend.test.UserManagementCRUDTest.testRegisterUserEmptyFields" time="0.007">
    <failure message="Unexpected exception type thrown, expected: &lt;jayaprakash.jaisankar_backend.UserManagementCRUD.InvalidUserException&gt; but was: &lt;java.lang.NullPointerException&gt;" type="org.opentest4j.AssertionFailedError">org.opentest4j.AssertionFailedError: Unexpected exception type thrown, expected: &lt;jayaprakash.jaisankar_backend.UserManagementCRUD.InvalidUserException&gt; but was: &lt;java.lang.NullPointerException&gt;
	at org.junit.jupiter.api.AssertionFailureBuilder.build(AssertionFailureBuilder.java:151)
	at org.junit.jupiter.api.AssertThrows.assertThrows(AssertThrows.java:67)
	at org.junit.jupiter.api.AssertThrows.assertThrows(AssertThrows.java:35)
	at org.junit.jupiter.api.Assertions.assertThrows(Assertions.java:3083)
	at jayaprakash.jaisankar_backend.test.UserManagementCRUDTest.testRegisterUserEmptyFields(UserManagementCRUDTest.java:52)
Caused by: java.lang.NullPointerException: Cannot invoke &quot;jayaprakash.jaisankar_backend.UserManagementCRUD$UserManagementService.registerUser(jayaprakash.jaisankar_backend.UserManagementCRUD$User)&quot; because &quot;this.userManagementService&quot; is null
	at jayaprakash.jaisankar_backend.test.UserManagementCRUDTest.lambda$2(UserManagementCRUDTest.java:52)
	at org.junit.jupiter.api.AssertThrows.assertThrows(AssertThrows.java:53)
	... 21 more
</failure>
  </testcase>
  <testcase classname="jayaprakash.jaisankar_backend.test.UserManagementCRUDTest" name="jayaprakash.jaisankar_backend.test.UserManagementCRUDTest.testRegisterUserNullUser" time="0.002">
    <failure message="Unexpected exception type thrown, expected: &lt;jayaprakash.jaisankar_backend.UserManagementCRUD.InvalidUserException&gt; but was: &lt;java.lang.NullPointerException&gt;" type="org.opentest4j.AssertionFailedError">org.opentest4j.AssertionFailedError: Unexpected exception type thrown, expected: &lt;jayaprakash.jaisankar_backend.UserManagementCRUD.InvalidUserException&gt; but was: &lt;java.lang.NullPointerException&gt;
	at org.junit.jupiter.api.AssertionFailureBuilder.build(AssertionFailureBuilder.java:151)
	at org.junit.jupiter.api.AssertThrows.assertThrows(AssertThrows.java:67)
	at org.junit.jupiter.api.AssertThrows.assertThrows(AssertThrows.java:35)
	at org.junit.jupiter.api.Assertions.assertThrows(Assertions.java:3083)
	at jayaprakash.jaisankar_backend.test.UserManagementCRUDTest.testRegisterUserNullUser(UserManagementCRUDTest.java:45)
Caused by: java.lang.NullPointerException: Cannot invoke &quot;jayaprakash.jaisankar_backend.UserManagementCRUD$UserManagementService.registerUser(jayaprakash.jaisankar_backend.UserManagementCRUD$User)&quot; because &quot;this.userManagementService&quot; is null
	at jayaprakash.jaisankar_backend.test.UserManagementCRUDTest.lambda$1(UserManagementCRUDTest.java:45)
	at org.junit.jupiter.api.AssertThrows.assertThrows(AssertThrows.java:53)
	... 21 more
</failure>
  </testcase>
  <testcase classname="jayaprakash.jaisankar_backend.test.UserManagementCRUDTest" name="jayaprakash.jaisankar_backend.test.UserManagementCRUDTest.testRegisterUserValidUser" time="0">
    <failure message="Cannot invoke &quot;jayaprakash.jaisankar_backend.UserManagementCRUD$UserManagementService.registerUser(jayaprakash.jaisankar_backend.UserManagementCRUD$User)&quot; because &quot;this.userManagementService&quot; is null" type="java.lang.NullPointerException">java.lang.NullPointerException: Cannot invoke &quot;jayaprakash.jaisankar_backend.UserManagementCRUD$UserManagementService.registerUser(jayaprakash.jaisankar_backend.UserManagementCRUD$User)&quot; because &quot;this.userManagementService&quot; is null
	at jayaprakash.jaisankar_backend.test.UserManagementCRUDTest.testRegisterUserValidUser(UserManagementCRUDTest.java:26)
</failure>
  </testcase>
  <testcase classname="jayaprakash.jaisankar_backend.test.UserManagementCRUDTest" name="jayaprakash.jaisankar_backend.test.UserManagementCRUDTest.testRegisterUserDuplicateEmail" time="0.001">
    <failure message="Cannot invoke &quot;jayaprakash.jaisankar_backend.UserManagementCRUD$UserManagementService.registerUser(jayaprakash.jaisankar_backend.UserManagementCRUD$User)&quot; because &quot;this.userManagementService&quot; is null" type="java.lang.NullPointerException">java.lang.NullPointerException: Cannot invoke &quot;jayaprakash.jaisankar_backend.UserManagementCRUD$UserManagementService.registerUser(jayaprakash.jaisankar_backend.UserManagementCRUD$User)&quot; because &quot;this.userManagementService&quot; is null
	at jayaprakash.jaisankar_backend.test.UserManagementCRUDTest.testRegisterUserDuplicateEmail(UserManagementCRUDTest.java:36)
</failure>
  </testcase>
  <testcase classname="jayaprakash.jaisankar_backend.test.UserManagementCRUDTest" name="jayaprakash.jaisankar_backend.test.UserManagementCRUDTest.testRegisterUserNullFields" time="0.002">
    <failure message="Unexpected exception type thrown, expected: &lt;jayaprakash.jaisankar_backend.UserManagementCRUD.InvalidUserException&gt; but was: &lt;java.lang.NullPointerException&gt;" type="org.opentest4j.AssertionFailedError">org.opentest4j.AssertionFailedError: Unexpected exception type thrown, expected: &lt;jayaprakash.jaisankar_backend.UserManagementCRUD.InvalidUserException&gt; but was: &lt;java.lang.NullPointerException&gt;
	at org.junit.jupiter.api.AssertionFailureBuilder.build(AssertionFailureBuilder.java:151)
	at org.junit.jupiter.api.AssertThrows.assertThrows(AssertThrows.java:67)
	at org.junit.jupiter.api.AssertThrows.assertThrows(AssertThrows.java:35)
	at org.junit.jupiter.api.Assertions.assertThrows(Assertions.java:3083)
	at jayaprakash.jaisankar_backend.test.UserManagementCRUDTest.testRegisterUserNullFields(UserManagementCRUDTest.java:59)
Caused by: java.lang.NullPointerException: Cannot invoke &quot;jayaprakash.jaisankar_backend.UserManagementCRUD$UserManagementService.registerUser(jayaprakash.jaisankar_backend.UserManagementCRUD$User)&quot; because &quot;this.userManagementService&quot; is null
	at jayaprakash.jaisankar_backend.test.UserManagementCRUDTest.lambda$3(UserManagementCRUDTest.java:59)
	at org.junit.jupiter.api.AssertThrows.assertThrows(AssertThrows.java:53)
	... 21 more
</failure>
  </testcase>
</testsuite>